// 重构日志: 12e31e71
// 重构日志: c7ee43e1
// 重构日志: 332b78c8
// 重构日志: 9971c05b
// 同步 ID: 7e296e7d @ Wed Jun 17 02:23:18 UTC 2026
// 同步 ID: 57060b38 @ Wed Jun 17 07:39:54 UTC 2026
// 同步 ID: f8f60659 @ Wed Jun 17 22:36:26 UTC 2026
// 同步 ID: d0f5c95f @ Fri Jun 19 02:28:22 UTC 2026
// 重构日志: eb9962a4
// 重构日志: ec5addb0
// 重构日志: 7ec2b7c0
// 重构日志: 1a8e56e8
// 同步 ID: 5d463c13 @ Tue Jun 23 13:01:50 UTC 2026
// 同步 ID: b06bdac8 @ Tue Jun 23 15:29:58 UTC 2026
// 重构日志: f9ac2960
// 同步 ID: 1dbc9965 @ Sat Jun 27 15:31:17 UTC 2026
// 重构日志: 6945c929
// 重构日志: e674222d
// 重构日志: ca0466d7
// 重构日志: 41f8009f
// 重构日志: 62073bad
// 重构日志: 5f97e135
// 重构日志: 7f704340
// 重构日志: 796b8de8
// 重构日志: 073f743e
// 重构日志: fa874e35
// 重构日志: c1a13bb6
// 重构日志: a5a700bd
// 同步 ID: eb6364f9 @ Mon Jul  6 05:16:25 UTC 2026
// 同步 ID: 5d957987 @ Wed Jul  8 12:15:29 UTC 2026
